<?xml version="1.0" encoding="UTF-8"?>
<testng-results skipped="0" failed="0" ignored="0" total="1" passed="1">
  <reporter-output>
  </reporter-output>
  <suite name="Suite" duration-ms="33288" started-at="2017-05-12T08:05:51Z" finished-at="2017-05-12T08:06:24Z">
    <groups>
    </groups>
    <test name="Test" duration-ms="33288" started-at="2017-05-12T08:05:51Z" finished-at="2017-05-12T08:06:24Z">
      <class name="pac.jenkins">
        <test-method status="PASS" signature="beforeTest()[pri:0, instance:pac.jenkins@7a5d012c]" name="beforeTest" is-config="true" duration-ms="8" started-at="2017-05-12T13:35:51Z" finished-at="2017-05-12T13:35:51Z">
          <reporter-output>
          </reporter-output>
        </test-method> <!-- beforeTest -->
        <test-method status="PASS" signature="f()[pri:0, instance:pac.jenkins@7a5d012c]" name="f" duration-ms="33261" started-at="2017-05-12T13:35:51Z" finished-at="2017-05-12T13:36:24Z">
          <reporter-output>
          </reporter-output>
        </test-method> <!-- f -->
        <test-method status="PASS" signature="afterTest()[pri:0, instance:pac.jenkins@7a5d012c]" name="afterTest" is-config="true" duration-ms="1" started-at="2017-05-12T13:36:24Z" finished-at="2017-05-12T13:36:24Z">
          <reporter-output>
          </reporter-output>
        </test-method> <!-- afterTest -->
      </class> <!-- pac.jenkins -->
    </test> <!-- Test -->
  </suite> <!-- Suite -->
</testng-results>
