<?xml version="1.0" encoding="UTF-8"?>
<testng-results skipped="0" failed="0" ignored="0" total="1" passed="1">
  <reporter-output>
  </reporter-output>
  <suite name="Suite" duration-ms="33701" started-at="2017-05-08T12:37:47Z" finished-at="2017-05-08T12:38:21Z">
    <groups>
    </groups>
    <test name="Test" duration-ms="33701" started-at="2017-05-08T12:37:47Z" finished-at="2017-05-08T12:38:21Z">
      <class name="pac.jenkins">
        <test-method status="PASS" signature="beforeTest()[pri:0, instance:pac.jenkins@548e7350]" name="beforeTest" is-config="true" duration-ms="15" started-at="2017-05-08T18:07:47Z" finished-at="2017-05-08T18:07:47Z">
          <reporter-output>
          </reporter-output>
        </test-method> <!-- beforeTest -->
        <test-method status="PASS" signature="f()[pri:0, instance:pac.jenkins@548e7350]" name="f" duration-ms="33650" started-at="2017-05-08T18:07:47Z" finished-at="2017-05-08T18:08:21Z">
          <reporter-output>
          </reporter-output>
        </test-method> <!-- f -->
        <test-method status="PASS" signature="afterTest()[pri:0, instance:pac.jenkins@548e7350]" name="afterTest" is-config="true" duration-ms="0" started-at="2017-05-08T18:08:21Z" finished-at="2017-05-08T18:08:21Z">
          <reporter-output>
          </reporter-output>
        </test-method> <!-- afterTest -->
      </class> <!-- pac.jenkins -->
    </test> <!-- Test -->
  </suite> <!-- Suite -->
</testng-results>
